<?xml version="1.0" encoding="UTF-8"?>
<!-- Generated by org.testng.reporters.JUnitReportReporter -->
<testsuite hostname="LAPTOP-VUR1MP3I" failures="0" tests="1" name="tests.TC_025" time="129.817" errors="0" timestamp="2024-12-17T18:23:08 IST" skipped="0">
  <testcase classname="tests.TC_025" name="TC_025_VerifyThatTheUserIsOwnerAndInviteMember" time="129.817"/>
  <system-out/>
</testsuite> <!-- tests.TC_025 -->
