<?xml version="1.0" encoding="UTF-8"?>
<!-- Generated by org.testng.reporters.JUnitReportReporter -->
<testsuite hostname="LAPTOP-VUR1MP3I" failures="0" tests="1" name="tests.TC_044" time="115.010" errors="0" timestamp="2024-12-20T18:40:21 IST" skipped="0">
  <testcase classname="tests.TC_044" name="TC_044_VerifyThatTheUserCanViewAllGroupChatAndDMChatAndClickToViewConversation" time="115.010"/>
  <system-out/>
</testsuite> <!-- tests.TC_044 -->
