<?xml version="1.0" encoding="UTF-8"?>
<!-- Generated by org.testng.reporters.JUnitReportReporter -->
<testsuite hostname="LAPTOP-VUR1MP3I" failures="0" tests="1" name="tests.TC_021" time="66.275" errors="0" timestamp="2024-12-20T16:22:29 IST" skipped="0">
  <testcase classname="tests.TC_021" name="TC_021_VerifyThatTheUserCanViewMemberAndStartChat" time="66.275"/>
  <system-out/>
</testsuite> <!-- tests.TC_021 -->
