<?xml version="1.0" encoding="UTF-8"?>
<!-- Generated by org.testng.reporters.JUnitReportReporter -->
<testsuite hostname="LAPTOP-VUR1MP3I" failures="0" tests="1" name="tests.TC_026" time="129.460" errors="0" timestamp="2024-12-20T16:22:29 IST" skipped="0">
  <testcase classname="tests.TC_026" name="TC_026_VerifyThatTheUserIsOwnerAndInviteMember" time="129.460"/>
  <system-out/>
</testsuite> <!-- tests.TC_026 -->
