<?xml version="1.0" encoding="UTF-8"?>
<!-- Generated by org.testng.reporters.JUnitReportReporter -->
<testsuite hostname="LAPTOP-VUR1MP3I" failures="0" tests="1" name="Account_Settings.TC_049_VerifyThatTheUserCanMuteUnmuteNotification" time="85.612" errors="0" timestamp="2024-12-24T10:48:30 IST" skipped="0">
  <testcase classname="Account_Settings.TC_049_VerifyThatTheUserCanMuteUnmuteNotification" name="TC_049_VerifyThatTheUserCanMuteUnmuteNotification" time="85.612"/>
  <system-out/>
</testsuite> <!-- Account_Settings.TC_049_VerifyThatTheUserCanMuteUnmuteNotification -->
