<?xml version="1.0" encoding="UTF-8"?>
<!-- Generated by org.testng.reporters.JUnitReportReporter -->
<testsuite hostname="AKASH" failures="0" tests="1" name="tests.LaunchWebClient" time="1.091" errors="0" timestamp="2024-12-11T19:53:30 IST" skipped="0">
  <testcase classname="tests.LaunchWebClient" name="VerifyLaunchWebClient" time="1.091"/>
  <system-out/>
</testsuite> <!-- tests.LaunchWebClient -->
