<?xml version="1.0" encoding="UTF-8"?>
<!-- Generated by org.testng.reporters.JUnitReportReporter -->
<testsuite hostname="LAPTOP-VUR1MP3I" failures="0" tests="1" name="Create_Task.TC_031_VerifyThatTheUserCanCreateANewTask" time="275.437" errors="0" timestamp="2024-12-27T16:36:07 IST" skipped="0">
  <testcase classname="Create_Task.TC_031_VerifyThatTheUserCanCreateANewTask" name="TC_048_VerifyThatTheUserCanCreateANewTask" time="275.437"/>
  <system-out/>
</testsuite> <!-- Create_Task.TC_031_VerifyThatTheUserCanCreateANewTask -->
