<?xml version="1.0" encoding="UTF-8"?>
<!-- Generated by org.testng.reporters.JUnitReportReporter -->
<testsuite hostname="LAPTOP-VUR1MP3I" failures="0" tests="1" name="tests.TC_048" time="110.855" errors="0" timestamp="2024-12-20T18:57:56 IST" skipped="0">
  <testcase classname="tests.TC_048" name="TC_048_VerifyThatTheUserCanSeeWorkspaceAndSwitchWorkspace" time="110.855"/>
  <system-out/>
</testsuite> <!-- tests.TC_048 -->
