<?xml version="1.0" encoding="UTF-8"?>
<!-- Generated by org.testng.reporters.JUnitReportReporter -->
<testsuite hostname="LAPTOP-VUR1MP3I" failures="0" tests="1" name="tests.TC_25" time="167.053" errors="0" timestamp="2024-12-18T19:12:41 IST" skipped="0">
  <testcase classname="tests.TC_25" name="TC_025_VerifyThatTheUserIsOwnerAndInviteMember" time="167.053"/>
  <system-out/>
</testsuite> <!-- tests.TC_25 -->
