<?xml version="1.0" encoding="UTF-8"?>
<!-- Generated by org.testng.reporters.JUnitReportReporter -->
<testsuite hostname="LAPTOP-VUR1MP3I" failures="0" tests="1" name="tests.TC_41" time="97.700" errors="0" timestamp="2024-12-19T17:50:21 IST" skipped="0">
  <testcase classname="tests.TC_41" name="TC_041_VerifyThatTheUserCanMuteNotificationAndClickLeaveProject" time="97.700"/>
  <system-out/>
</testsuite> <!-- tests.TC_41 -->
