<?xml version="1.0" encoding="UTF-8"?>
<!-- Generated by org.testng.reporters.JUnitReportReporter -->
<testsuite hostname="LAPTOP-VUR1MP3I" failures="0" tests="1" name="tests.TC_020" time="89.621" errors="0" timestamp="2024-12-20T16:22:29 IST" skipped="0">
  <testcase classname="tests.TC_020" name="TC_020_VerifyThatTheUserCanCreateWorkspace" time="89.621"/>
  <system-out/>
</testsuite> <!-- tests.TC_020 -->
