<?xml version="1.0" encoding="UTF-8"?>
<!-- Generated by org.testng.reporters.JUnitReportReporter -->
<testsuite hostname="LAPTOP-VUR1MP3I" failures="0" tests="1" name="Group_chat_DMchat.TC_043_VerifyThatTheUserCanClickChatSection" time="119.246" errors="0" timestamp="2024-12-24T17:18:05 IST" skipped="0">
  <testcase classname="Group_chat_DMchat.TC_043_VerifyThatTheUserCanClickChatSection" name="TC_043_VerifyThatTheUserCanClickChatSection" time="119.246"/>
  <system-out/>
</testsuite> <!-- Group_chat_DMchat.TC_043_VerifyThatTheUserCanClickChatSection -->
