<?xml version="1.0" encoding="UTF-8"?>
<!-- Generated by org.testng.reporters.JUnitReportReporter -->
<testsuite hostname="LAPTOP-VUR1MP3I" failures="0" tests="1" name="Account_Settings.TC_041_VerifyThatTheUserCanMuteNotificationAndClickLeaveProject" time="188.954" errors="0" timestamp="2024-12-24T14:52:20 IST" skipped="0">
  <testcase classname="Account_Settings.TC_041_VerifyThatTheUserCanMuteNotificationAndClickLeaveProject" name="TC_041_VerifyThatTheUserCanMuteNotificationAndClickLeaveProject" time="188.954"/>
  <system-out/>
</testsuite> <!-- Account_Settings.TC_041_VerifyThatTheUserCanMuteNotificationAndClickLeaveProject -->
