<?xml version="1.0" encoding="UTF-8"?>
<!-- Generated by org.testng.reporters.JUnitReportReporter -->
<testsuite hostname="LAPTOP-VUR1MP3I" failures="0" tests="1" name="tests.TC_052" time="81.058" errors="0" timestamp="2024-12-23T11:20:31 IST" skipped="0">
  <testcase classname="tests.TC_052" name="TC_052_VerifyThatTheUserCanClickOnSignOutButton" time="81.058"/>
  <system-out/>
</testsuite> <!-- tests.TC_052 -->
