<?xml version="1.0" encoding="UTF-8"?>
<!-- Generated by org.testng.reporters.JUnitReportReporter -->
<testsuite hostname="LAPTOP-VUR1MP3I" failures="0" tests="1" name="Account_Settings.TC_048_VerifyThatTheUserCanSeeTheWorkspaceName" time="121.930" errors="0" timestamp="2024-12-26T11:57:35 IST" skipped="0">
  <testcase classname="Account_Settings.TC_048_VerifyThatTheUserCanSeeTheWorkspaceName" name="TC_048_VerifyThatTheUserCanSeeWorkspaceAndSwitchWorkspace" time="121.930"/>
  <system-out/>
</testsuite> <!-- Account_Settings.TC_048_VerifyThatTheUserCanSeeTheWorkspaceName -->
