<?xml version="1.0" encoding="UTF-8"?>
<!-- Generated by org.testng.reporters.JUnitReportReporter -->
<testsuite hostname="LAPTOP-VUR1MP3I" failures="0" tests="1" name="tests.TC_26" time="90.237" errors="0" timestamp="2024-12-19T11:33:04 IST" skipped="0">
  <testcase classname="tests.TC_26" name="TC_026_VerifyThatTheUserIsOwnerAndInviteMember" time="90.237"/>
  <system-out/>
</testsuite> <!-- tests.TC_26 -->
