<?xml version="1.0" encoding="UTF-8"?>
<!-- Generated by org.testng.reporters.JUnitReportReporter -->
<testsuite hostname="LAPTOP-VUR1MP3I" failures="0" tests="1" name="tests.TC_041" time="105.080" errors="0" timestamp="2024-12-20T18:40:21 IST" skipped="0">
  <testcase classname="tests.TC_041" name="TC_041_VerifyThatTheUserCanMuteNotificationAndClickLeaveProject" time="105.080"/>
  <system-out/>
</testsuite> <!-- tests.TC_041 -->
