<?xml version="1.0" encoding="UTF-8"?>
<!-- Generated by org.testng.reporters.JUnitReportReporter -->
<testsuite hostname="LAPTOP-VUR1MP3I" failures="0" tests="1" name="Account_Settings.TC_051_VerifyThatTheUserCanClickOnTheAddWorkspace" time="123.738" errors="0" timestamp="2024-12-24T13:25:32 IST" skipped="0">
  <testcase classname="Account_Settings.TC_051_VerifyThatTheUserCanClickOnTheAddWorkspace" name="TC_051_VerifyThatTheUserCanClickOnTheAddWorkspace" time="123.738"/>
  <system-out/>
</testsuite> <!-- Account_Settings.TC_051_VerifyThatTheUserCanClickOnTheAddWorkspace -->
