<?xml version="1.0" encoding="UTF-8"?>
<!-- Generated by org.testng.reporters.JUnitReportReporter -->
<testsuite hostname="LAPTOP-VUR1MP3I" failures="0" tests="1" name="All_Task.TC_032_VerifyThatTheUserCanClickOnTaskInTheSideNavBar" time="212.006" errors="0" timestamp="2024-12-27T17:09:30 IST" skipped="0">
  <testcase classname="All_Task.TC_032_VerifyThatTheUserCanClickOnTaskInTheSideNavBar" name="TC_032_VerifyThatTheUserCanClickOnTaskInTheSideNavBar" time="212.006"/>
  <system-out/>
</testsuite> <!-- All_Task.TC_032_VerifyThatTheUserCanClickOnTaskInTheSideNavBar -->
